{"/Users/matijajanjic/Documents/kalender/server/src/controllers/calendars.js": {"path":"/Users/matijajanjic/Documents/kalender/server/src/controllers/calendars.js","statementMap":{"0":{"start":{"line":1,"column":17},"end":{"line":1,"column":46}},"1":{"start":{"line":3,"column":21},"end":{"line":7,"column":1}},"2":{"start":{"line":4,"column":19},"end":{"line":4,"column":22}},"3":{"start":{"line":5,"column":20},"end":{"line":5,"column":96}},"4":{"start":{"line":6,"column":2},"end":{"line":6,"column":59}},"5":{"start":{"line":6,"column":39},"end":{"line":6,"column":56}},"6":{"start":{"line":9,"column":23},"end":{"line":14,"column":1}},"7":{"start":{"line":10,"column":19},"end":{"line":10,"column":27}},"8":{"start":{"line":11,"column":25},"end":{"line":11,"column":47}},"9":{"start":{"line":12,"column":24},"end":{"line":12,"column":51}},"10":{"start":{"line":13,"column":2},"end":{"line":13,"column":35}},"11":{"start":{"line":16,"column":0},"end":{"line":19,"column":2}}},"fnMap":{"0":{"name":"(anonymous_0)","decl":{"start":{"line":3,"column":21},"end":{"line":3,"column":22}},"loc":{"start":{"line":3,"column":41},"end":{"line":7,"column":1}},"line":3},"1":{"name":"(anonymous_1)","decl":{"start":{"line":6,"column":25},"end":{"line":6,"column":26}},"loc":{"start":{"line":6,"column":39},"end":{"line":6,"column":56}},"line":6},"2":{"name":"(anonymous_2)","decl":{"start":{"line":9,"column":23},"end":{"line":9,"column":24}},"loc":{"start":{"line":9,"column":43},"end":{"line":14,"column":1}},"line":9}},"branchMap":{},"s":{"0":3,"1":3,"2":0,"3":0,"4":0,"5":0,"6":3,"7":0,"8":0,"9":0,"10":0,"11":3},"f":{"0":0,"1":0,"2":0},"b":{},"_coverageSchema":"1a1c01bbd47fc00a2c39e90264f33305004495a9","hash":"0c5fbb2053cedcf86fdb31b527e3ce43b7bfe440"}
,"/Users/matijajanjic/Documents/kalender/server/src/controllers/events.js": {"path":"/Users/matijajanjic/Documents/kalender/server/src/controllers/events.js","statementMap":{"0":{"start":{"line":1,"column":14},"end":{"line":1,"column":40}},"1":{"start":{"line":3,"column":18},"end":{"line":12,"column":1}},"2":{"start":{"line":4,"column":2},"end":{"line":4,"column":29}},"3":{"start":{"line":6,"column":17},"end":{"line":10,"column":38}},"4":{"start":{"line":11,"column":2},"end":{"line":11,"column":50}},"5":{"start":{"line":11,"column":33},"end":{"line":11,"column":47}},"6":{"start":{"line":14,"column":20},"end":{"line":19,"column":1}},"7":{"start":{"line":15,"column":16},"end":{"line":15,"column":24}},"8":{"start":{"line":16,"column":22},"end":{"line":16,"column":38}},"9":{"start":{"line":17,"column":21},"end":{"line":17,"column":45}},"10":{"start":{"line":18,"column":2},"end":{"line":18,"column":32}},"11":{"start":{"line":21,"column":20},"end":{"line":26,"column":1}},"12":{"start":{"line":22,"column":17},"end":{"line":22,"column":27}},"13":{"start":{"line":23,"column":30},"end":{"line":23,"column":38}},"14":{"start":{"line":24,"column":23},"end":{"line":24,"column":92}},"15":{"start":{"line":25,"column":2},"end":{"line":25,"column":34}},"16":{"start":{"line":28,"column":0},"end":{"line":32,"column":2}}},"fnMap":{"0":{"name":"(anonymous_0)","decl":{"start":{"line":3,"column":18},"end":{"line":3,"column":19}},"loc":{"start":{"line":3,"column":38},"end":{"line":12,"column":1}},"line":3},"1":{"name":"(anonymous_1)","decl":{"start":{"line":11,"column":22},"end":{"line":11,"column":23}},"loc":{"start":{"line":11,"column":33},"end":{"line":11,"column":47}},"line":11},"2":{"name":"(anonymous_2)","decl":{"start":{"line":14,"column":20},"end":{"line":14,"column":21}},"loc":{"start":{"line":14,"column":40},"end":{"line":19,"column":1}},"line":14},"3":{"name":"(anonymous_3)","decl":{"start":{"line":21,"column":20},"end":{"line":21,"column":21}},"loc":{"start":{"line":21,"column":40},"end":{"line":26,"column":1}},"line":21}},"branchMap":{},"s":{"0":0,"1":0,"2":0,"3":0,"4":0,"5":0,"6":0,"7":0,"8":0,"9":0,"10":0,"11":0,"12":0,"13":0,"14":0,"15":0,"16":0},"f":{"0":0,"1":0,"2":0,"3":0},"b":{}}
,"/Users/matijajanjic/Documents/kalender/server/src/controllers/login.js": {"path":"/Users/matijajanjic/Documents/kalender/server/src/controllers/login.js","statementMap":{"0":{"start":{"line":1,"column":12},"end":{"line":1,"column":35}},"1":{"start":{"line":2,"column":15},"end":{"line":2,"column":32}},"2":{"start":{"line":4,"column":13},"end":{"line":4,"column":38}},"3":{"start":{"line":5,"column":17},"end":{"line":5,"column":45}},"4":{"start":{"line":6,"column":0},"end":{"line":6,"column":27}},"5":{"start":{"line":8,"column":18},"end":{"line":26,"column":1}},"6":{"start":{"line":9,"column":33},"end":{"line":9,"column":41}},"7":{"start":{"line":10,"column":15},"end":{"line":10,"column":47}},"8":{"start":{"line":11,"column":26},"end":{"line":13,"column":55}},"9":{"start":{"line":15,"column":2},"end":{"line":17,"column":3}},"10":{"start":{"line":16,"column":4},"end":{"line":16,"column":68}},"11":{"start":{"line":19,"column":23},"end":{"line":22,"column":3}},"12":{"start":{"line":24,"column":16},"end":{"line":24,"column":58}},"13":{"start":{"line":25,"column":2},"end":{"line":25,"column":64}},"14":{"start":{"line":28,"column":0},"end":{"line":28,"column":31}}},"fnMap":{"0":{"name":"(anonymous_0)","decl":{"start":{"line":8,"column":18},"end":{"line":8,"column":19}},"loc":{"start":{"line":8,"column":38},"end":{"line":26,"column":1}},"line":8}},"branchMap":{"0":{"loc":{"start":{"line":11,"column":26},"end":{"line":13,"column":55}},"type":"cond-expr","locations":[{"start":{"line":12,"column":6},"end":{"line":12,"column":11}},{"start":{"line":13,"column":6},"end":{"line":13,"column":55}}],"line":11},"1":{"loc":{"start":{"line":15,"column":2},"end":{"line":17,"column":3}},"type":"if","locations":[{"start":{"line":15,"column":2},"end":{"line":17,"column":3}},{"start":{},"end":{}}],"line":15},"2":{"loc":{"start":{"line":15,"column":8},"end":{"line":15,"column":31}},"type":"binary-expr","locations":[{"start":{"line":15,"column":8},"end":{"line":15,"column":12}},{"start":{"line":15,"column":16},"end":{"line":15,"column":31}}],"line":15}},"s":{"0":3,"1":3,"2":3,"3":3,"4":3,"5":3,"6":2,"7":2,"8":2,"9":2,"10":1,"11":1,"12":1,"13":1,"14":3},"f":{"0":2},"b":{"0":[1,1],"1":[1,1],"2":[2,1]},"_coverageSchema":"1a1c01bbd47fc00a2c39e90264f33305004495a9","hash":"66c4e0c3bf3e63b10024023e36bbcf94ada523c8"}
,"/Users/matijajanjic/Documents/kalender/server/src/controllers/users.js": {"path":"/Users/matijajanjic/Documents/kalender/server/src/controllers/users.js","statementMap":{"0":{"start":{"line":1,"column":15},"end":{"line":1,"column":32}},"1":{"start":{"line":2,"column":13},"end":{"line":2,"column":38}},"2":{"start":{"line":3,"column":17},"end":{"line":3,"column":45}},"3":{"start":{"line":6,"column":17},"end":{"line":9,"column":1}},"4":{"start":{"line":7,"column":16},"end":{"line":7,"column":46}},"5":{"start":{"line":8,"column":2},"end":{"line":8,"column":47}},"6":{"start":{"line":8,"column":31},"end":{"line":8,"column":44}},"7":{"start":{"line":11,"column":16},"end":{"line":15,"column":1}},"8":{"start":{"line":12,"column":17},"end":{"line":12,"column":27}},"9":{"start":{"line":13,"column":15},"end":{"line":13,"column":38}},"10":{"start":{"line":14,"column":2},"end":{"line":14,"column":26}},"11":{"start":{"line":18,"column":19},"end":{"line":37,"column":1}},"12":{"start":{"line":19,"column":39},"end":{"line":19,"column":47}},"13":{"start":{"line":21,"column":2},"end":{"line":23,"column":3}},"14":{"start":{"line":22,"column":4},"end":{"line":22,"column":77}},"15":{"start":{"line":26,"column":21},"end":{"line":26,"column":23}},"16":{"start":{"line":27,"column":23},"end":{"line":27,"column":62}},"17":{"start":{"line":29,"column":15},"end":{"line":33,"column":4}},"18":{"start":{"line":35,"column":20},"end":{"line":35,"column":37}},"19":{"start":{"line":36,"column":2},"end":{"line":36,"column":31}},"20":{"start":{"line":39,"column":19},"end":{"line":43,"column":1}},"21":{"start":{"line":40,"column":17},"end":{"line":40,"column":27}},"22":{"start":{"line":41,"column":2},"end":{"line":41,"column":35}},"23":{"start":{"line":42,"column":2},"end":{"line":42,"column":24}},"24":{"start":{"line":45,"column":19},"end":{"line":50,"column":1}},"25":{"start":{"line":46,"column":17},"end":{"line":46,"column":27}},"26":{"start":{"line":47,"column":29},"end":{"line":47,"column":37}},"27":{"start":{"line":48,"column":22},"end":{"line":48,"column":89}},"28":{"start":{"line":49,"column":2},"end":{"line":49,"column":33}},"29":{"start":{"line":52,"column":0},"end":{"line":58,"column":2}}},"fnMap":{"0":{"name":"(anonymous_0)","decl":{"start":{"line":6,"column":17},"end":{"line":6,"column":18}},"loc":{"start":{"line":6,"column":37},"end":{"line":9,"column":1}},"line":6},"1":{"name":"(anonymous_1)","decl":{"start":{"line":8,"column":21},"end":{"line":8,"column":22}},"loc":{"start":{"line":8,"column":31},"end":{"line":8,"column":44}},"line":8},"2":{"name":"(anonymous_2)","decl":{"start":{"line":11,"column":16},"end":{"line":11,"column":17}},"loc":{"start":{"line":11,"column":36},"end":{"line":15,"column":1}},"line":11},"3":{"name":"(anonymous_3)","decl":{"start":{"line":18,"column":19},"end":{"line":18,"column":20}},"loc":{"start":{"line":18,"column":39},"end":{"line":37,"column":1}},"line":18},"4":{"name":"(anonymous_4)","decl":{"start":{"line":39,"column":19},"end":{"line":39,"column":20}},"loc":{"start":{"line":39,"column":39},"end":{"line":43,"column":1}},"line":39},"5":{"name":"(anonymous_5)","decl":{"start":{"line":45,"column":19},"end":{"line":45,"column":20}},"loc":{"start":{"line":45,"column":39},"end":{"line":50,"column":1}},"line":45}},"branchMap":{"0":{"loc":{"start":{"line":21,"column":2},"end":{"line":23,"column":3}},"type":"if","locations":[{"start":{"line":21,"column":2},"end":{"line":23,"column":3}},{"start":{},"end":{}}],"line":21},"1":{"loc":{"start":{"line":21,"column":6},"end":{"line":21,"column":38}},"type":"binary-expr","locations":[{"start":{"line":21,"column":6},"end":{"line":21,"column":15}},{"start":{"line":21,"column":19},"end":{"line":21,"column":38}}],"line":21}},"s":{"0":3,"1":3,"2":3,"3":3,"4":3,"5":3,"6":7,"7":3,"8":2,"9":2,"10":1,"11":3,"12":4,"13":4,"14":1,"15":3,"16":3,"17":3,"18":3,"19":1,"20":3,"21":1,"22":1,"23":1,"24":3,"25":1,"26":1,"27":1,"28":1,"29":3},"f":{"0":3,"1":7,"2":2,"3":4,"4":1,"5":1},"b":{"0":[1,3],"1":[4,4]},"_coverageSchema":"1a1c01bbd47fc00a2c39e90264f33305004495a9","hash":"74015d92392016bea9f6162f4481167335b91df3"}
,"/Users/matijajanjic/Documents/kalender/server/src/routes/calendars.js": {"path":"/Users/matijajanjic/Documents/kalender/server/src/routes/calendars.js","statementMap":{"0":{"start":{"line":1,"column":15},"end":{"line":1,"column":63}},"1":{"start":{"line":2,"column":41},"end":{"line":2,"column":76}},"2":{"start":{"line":4,"column":0},"end":{"line":4,"column":30}},"3":{"start":{"line":5,"column":0},"end":{"line":5,"column":33}},"4":{"start":{"line":7,"column":0},"end":{"line":7,"column":24}}},"fnMap":{},"branchMap":{},"s":{"0":3,"1":3,"2":3,"3":3,"4":3},"f":{},"b":{},"_coverageSchema":"1a1c01bbd47fc00a2c39e90264f33305004495a9","hash":"51d3a61697c808aa56b990f641a271e4331c7661"}
,"/Users/matijajanjic/Documents/kalender/server/src/routes/events.js": {"path":"/Users/matijajanjic/Documents/kalender/server/src/routes/events.js","statementMap":{"0":{"start":{"line":1,"column":15},"end":{"line":1,"column":63}},"1":{"start":{"line":2,"column":48},"end":{"line":2,"column":80}},"2":{"start":{"line":4,"column":0},"end":{"line":4,"column":27}},"3":{"start":{"line":5,"column":0},"end":{"line":5,"column":30}},"4":{"start":{"line":6,"column":0},"end":{"line":6,"column":34}},"5":{"start":{"line":8,"column":0},"end":{"line":8,"column":24}}},"fnMap":{},"branchMap":{},"s":{"0":0,"1":0,"2":0,"3":0,"4":0,"5":0},"f":{},"b":{}}
,"/Users/matijajanjic/Documents/kalender/server/src/routes/login.js": {"path":"/Users/matijajanjic/Documents/kalender/server/src/routes/login.js","statementMap":{"0":{"start":{"line":1,"column":15},"end":{"line":1,"column":42}},"1":{"start":{"line":2,"column":22},"end":{"line":2,"column":53}},"2":{"start":{"line":4,"column":0},"end":{"line":4,"column":28}},"3":{"start":{"line":6,"column":0},"end":{"line":6,"column":24}}},"fnMap":{},"branchMap":{},"s":{"0":3,"1":3,"2":3,"3":3},"f":{},"b":{},"_coverageSchema":"1a1c01bbd47fc00a2c39e90264f33305004495a9","hash":"d4c9cda192a5427dac183662dad8fcc8698623e1"}
,"/Users/matijajanjic/Documents/kalender/server/src/routes/users.js": {"path":"/Users/matijajanjic/Documents/kalender/server/src/routes/users.js","statementMap":{"0":{"start":{"line":1,"column":16},"end":{"line":1,"column":34}},"1":{"start":{"line":9,"column":4},"end":{"line":9,"column":35}},"2":{"start":{"line":11,"column":0},"end":{"line":11,"column":32}},"3":{"start":{"line":13,"column":15},"end":{"line":13,"column":31}},"4":{"start":{"line":16,"column":0},"end":{"line":16,"column":26}},"5":{"start":{"line":17,"column":0},"end":{"line":17,"column":28}},"6":{"start":{"line":18,"column":0},"end":{"line":18,"column":29}},"7":{"start":{"line":19,"column":0},"end":{"line":19,"column":33}},"8":{"start":{"line":20,"column":0},"end":{"line":20,"column":34}},"9":{"start":{"line":22,"column":0},"end":{"line":22,"column":24}}},"fnMap":{},"branchMap":{},"s":{"0":3,"1":3,"2":3,"3":3,"4":3,"5":3,"6":3,"7":3,"8":3,"9":3},"f":{},"b":{},"_coverageSchema":"1a1c01bbd47fc00a2c39e90264f33305004495a9","hash":"c0a301baba7410776601fe0bbc238136ed307cd6"}
}
