TN:
SF:src/routes/calendars.js
FN:4,(anonymous_0)
FN:10,(anonymous_1)
FNF:2
FNH:1
FNDA:1,(anonymous_0)
FNDA:0,(anonymous_1)
DA:1,4
DA:2,4
DA:4,4
DA:5,1
DA:6,1
DA:7,1
DA:10,4
DA:11,0
DA:12,0
DA:13,0
DA:16,4
LF:11
LH:8
BRF:0
BRH:0
end_of_record
TN:
SF:src/routes/events.js
FN:4,(anonymous_0)
FN:9,(anonymous_1)
FN:15,(anonymous_2)
FNF:3
FNH:3
FNDA:3,(anonymous_0)
FNDA:3,(anonymous_1)
FNDA:1,(anonymous_2)
DA:1,4
DA:2,4
DA:4,4
DA:5,3
DA:6,3
DA:9,4
DA:10,3
DA:11,3
DA:12,1
DA:15,4
DA:16,1
DA:17,1
DA:18,1
DA:19,1
DA:22,4
LF:15
LH:15
BRF:0
BRH:0
end_of_record
TN:
SF:src/routes/login.js
FN:4,(anonymous_0)
FNF:1
FNH:1
FNDA:2,(anonymous_0)
DA:1,4
DA:2,4
DA:4,4
DA:5,2
DA:6,2
DA:7,1
DA:10,4
LF:7
LH:7
BRF:0
BRH:0
end_of_record
TN:
SF:src/routes/users.js
FN:14,(anonymous_0)
FN:19,(anonymous_1)
FN:25,(anonymous_2)
FN:30,(anonymous_3)
FN:37,(anonymous_4)
FNF:5
FNH:5
FNDA:3,(anonymous_0)
FNDA:2,(anonymous_1)
FNDA:4,(anonymous_2)
FNDA:1,(anonymous_3)
FNDA:1,(anonymous_4)
DA:1,4
DA:8,4
DA:10,4
DA:12,4
DA:14,4
DA:15,3
DA:16,3
DA:19,4
DA:20,2
DA:21,2
DA:22,1
DA:25,4
DA:26,4
DA:27,1
DA:30,4
DA:31,1
DA:32,1
DA:33,1
DA:34,1
DA:37,4
DA:38,1
DA:39,1
DA:40,1
DA:43,4
LF:24
LH:24
BRF:0
BRH:0
end_of_record
TN:
SF:src/services/calendarService.js
FN:3,(anonymous_0)
FN:5,(anonymous_1)
FN:8,(anonymous_2)
FNF:3
FNH:2
FNDA:1,(anonymous_0)
FNDA:2,(anonymous_1)
FNDA:0,(anonymous_2)
DA:1,4
DA:3,4
DA:4,1
DA:5,2
DA:8,4
DA:9,0
DA:10,0
DA:11,0
DA:14,4
LF:9
LH:6
BRF:0
BRH:0
end_of_record
TN:
SF:src/services/eventService.js
FN:3,(anonymous_0)
FN:5,(anonymous_1)
FN:8,(anonymous_2)
FN:14,(anonymous_3)
FNF:4
FNH:4
FNDA:3,(anonymous_0)
FNDA:6,(anonymous_1)
FNDA:3,(anonymous_2)
FNDA:1,(anonymous_3)
DA:1,4
DA:3,4
DA:4,3
DA:5,6
DA:8,4
DA:9,3
DA:10,3
DA:11,1
DA:14,4
DA:15,1
DA:16,1
DA:19,4
LF:12
LH:12
BRF:0
BRH:0
end_of_record
TN:
SF:src/services/loginService.js
FN:8,(anonymous_0)
FNF:1
FNH:1
FNDA:2,(anonymous_0)
DA:1,4
DA:2,4
DA:4,4
DA:5,4
DA:6,4
DA:8,4
DA:9,2
DA:11,2
DA:15,2
DA:16,1
DA:19,1
DA:24,1
DA:25,1
DA:28,4
LF:14
LH:14
BRDA:11,0,0,1
BRDA:11,0,1,1
BRDA:15,1,0,1
BRDA:15,1,1,1
BRDA:15,2,0,2
BRDA:15,2,1,1
BRF:6
BRH:6
end_of_record
TN:
SF:src/services/userService.js
FN:6,(anonymous_0)
FN:8,(anonymous_1)
FN:11,(anonymous_2)
FN:17,(anonymous_3)
FN:37,(anonymous_4)
FN:41,(anonymous_5)
FNF:6
FNH:6
FNDA:3,(anonymous_0)
FNDA:7,(anonymous_1)
FNDA:2,(anonymous_2)
FNDA:4,(anonymous_3)
FNDA:1,(anonymous_4)
FNDA:1,(anonymous_5)
DA:1,4
DA:2,4
DA:3,4
DA:6,4
DA:7,3
DA:8,7
DA:11,4
DA:12,2
DA:13,1
DA:17,4
DA:19,4
DA:20,1
DA:24,3
DA:25,3
DA:27,3
DA:33,3
DA:34,1
DA:37,4
DA:38,1
DA:41,4
DA:42,1
DA:43,1
DA:46,4
LF:23
LH:23
BRDA:19,0,0,1
BRDA:19,0,1,3
BRDA:19,1,0,4
BRDA:19,1,1,4
BRF:4
BRH:4
end_of_record
