TN:
SF:src/controllers/calendars.js
FN:3,(anonymous_0)
FN:5,(anonymous_1)
FN:8,(anonymous_2)
FNF:3
FNH:3
FNDA:1,(anonymous_0)
FNDA:2,(anonymous_1)
FNDA:1,(anonymous_2)
DA:1,4
DA:3,4
DA:4,1
DA:5,2
DA:8,4
DA:9,1
DA:10,1
DA:11,1
DA:12,1
DA:15,4
LF:10
LH:10
BRF:0
BRH:0
end_of_record
TN:
SF:src/controllers/events.js
FN:3,(anonymous_0)
FN:5,(anonymous_1)
FN:8,(anonymous_2)
FN:15,(anonymous_3)
FNF:4
FNH:4
FNDA:3,(anonymous_0)
FNDA:6,(anonymous_1)
FNDA:3,(anonymous_2)
FNDA:1,(anonymous_3)
DA:1,4
DA:3,4
DA:4,3
DA:5,6
DA:8,4
DA:9,3
DA:10,3
DA:11,3
DA:12,1
DA:15,4
DA:16,1
DA:17,1
DA:18,1
DA:19,1
DA:22,4
LF:15
LH:15
BRF:0
BRH:0
end_of_record
TN:
SF:src/controllers/login.js
FN:8,(anonymous_0)
FNF:1
FNH:1
FNDA:2,(anonymous_0)
DA:1,4
DA:2,4
DA:4,4
DA:5,4
DA:6,4
DA:8,4
DA:9,2
DA:10,2
DA:11,2
DA:15,2
DA:16,1
DA:19,1
DA:24,1
DA:25,1
DA:28,4
LF:15
LH:15
BRDA:11,0,0,1
BRDA:11,0,1,1
BRDA:15,1,0,1
BRDA:15,1,1,1
BRDA:15,2,0,2
BRDA:15,2,1,1
BRF:6
BRH:6
end_of_record
TN:
SF:src/controllers/users.js
FN:6,(anonymous_0)
FN:8,(anonymous_1)
FN:11,(anonymous_2)
FN:18,(anonymous_3)
FN:39,(anonymous_4)
FN:45,(anonymous_5)
FNF:6
FNH:6
FNDA:3,(anonymous_0)
FNDA:7,(anonymous_1)
FNDA:2,(anonymous_2)
FNDA:4,(anonymous_3)
FNDA:1,(anonymous_4)
FNDA:1,(anonymous_5)
DA:1,4
DA:2,4
DA:3,4
DA:6,4
DA:7,3
DA:8,7
DA:11,4
DA:12,2
DA:13,2
DA:14,1
DA:18,4
DA:19,4
DA:21,4
DA:22,1
DA:26,3
DA:27,3
DA:29,3
DA:35,3
DA:36,1
DA:39,4
DA:40,1
DA:41,1
DA:42,1
DA:45,4
DA:46,1
DA:47,1
DA:48,1
DA:49,1
DA:52,4
LF:29
LH:29
BRDA:21,0,0,1
BRDA:21,0,1,3
BRDA:21,1,0,4
BRDA:21,1,1,4
BRF:4
BRH:4
end_of_record
TN:
SF:src/routes/calendars.js
FNF:0
FNH:0
DA:1,4
DA:2,4
DA:4,4
DA:5,4
DA:7,4
LF:5
LH:5
BRF:0
BRH:0
end_of_record
TN:
SF:src/routes/events.js
FNF:0
FNH:0
DA:1,4
DA:2,4
DA:4,4
DA:5,4
DA:6,4
DA:8,4
LF:6
LH:6
BRF:0
BRH:0
end_of_record
TN:
SF:src/routes/login.js
FNF:0
FNH:0
DA:1,4
DA:2,4
DA:4,4
DA:6,4
LF:4
LH:4
BRF:0
BRH:0
end_of_record
TN:
SF:src/routes/users.js
FNF:0
FNH:0
DA:1,4
DA:8,4
DA:10,4
DA:12,4
DA:14,4
DA:15,4
DA:16,4
DA:17,4
DA:18,4
DA:20,4
LF:10
LH:10
BRF:0
BRH:0
end_of_record
